<?xml version="1.0" encoding="UTF-8"?>
<!-- Generated by org.testng.reporters.JUnitReportReporter -->
<testsuite skipped="0" hostname="LAPTOP-LUR3JO50" name="Formation_CAIT.Selenium_Webdriver.ADD_LOCATION" tests="1" failures="0" timestamp="2020-07-24T15:02:40 CEST" time="27.864" errors="0">
  <testcase name="testTCADDLOCATION" time="27.864" classname="Formation_CAIT.Selenium_Webdriver.ADD_LOCATION"/>
  <system-out/>
</testsuite> <!-- Formation_CAIT.Selenium_Webdriver.ADD_LOCATION -->
