<?xml version="1.0" encoding="UTF-8"?>
<!-- Generated by org.testng.reporters.JUnitReportReporter -->
<testsuite skipped="0" hostname="LAPTOP-LUR3JO50" name="Formation_CAIT.Selenium_Webdriver.ADD_LOCATION_NONPASSANT1" tests="1" failures="0" timestamp="2020-07-24T15:53:22 CEST" time="27.654" errors="0">
  <testcase name="ConnectAccount" time="27.654" classname="Formation_CAIT.Selenium_Webdriver.ADD_LOCATION_NONPASSANT1"/>
  <system-out/>
</testsuite> <!-- Formation_CAIT.Selenium_Webdriver.ADD_LOCATION_NONPASSANT1 -->
