<?xml version="1.0" encoding="UTF-8"?>
<!-- Generated by org.testng.reporters.JUnitReportReporter -->
<testsuite skipped="0" hostname="LAPTOP-LUR3JO50" name="Formation_CAIT.Selenium_Webdriver.ChromeWebdriver" tests="1" failures="0" timestamp="2020-07-03T14:30:52 CEST" time="5.953" errors="0">
  <testcase name="startChromeWebdriver" time="5.953" classname="Formation_CAIT.Selenium_Webdriver.ChromeWebdriver"/>
  <system-out/>
</testsuite> <!-- Formation_CAIT.Selenium_Webdriver.ChromeWebdriver -->
