<?xml version="1.0" encoding="UTF-8"?>
<!-- Generated by org.testng.reporters.JUnitReportReporter -->
<testsuite skipped="0" hostname="LAPTOP-LUR3JO50" name="Formation_CAIT.Selenium_Webdriver.ADD_SKILLS" tests="1" failures="0" timestamp="2020-07-24T16:30:39 CEST" time="19.828" errors="0">
  <testcase name="AjouterCompetence" time="19.828" classname="Formation_CAIT.Selenium_Webdriver.ADD_SKILLS"/>
  <system-out/>
</testsuite> <!-- Formation_CAIT.Selenium_Webdriver.ADD_SKILLS -->
