<?xml version="1.0" encoding="UTF-8"?>
<!-- Generated by org.testng.reporters.JUnitReportReporter -->
<testsuite skipped="0" hostname="LAPTOP-LUR3JO50" name="Formation_CAIT.Selenium_Webdriver.Chrome1" tests="1" failures="0" timestamp="2020-07-03T15:35:15 CEST" time="6.495" errors="0">
  <testcase name="Exo1" time="6.495" classname="Formation_CAIT.Selenium_Webdriver.Chrome1"/>
  <system-out/>
</testsuite> <!-- Formation_CAIT.Selenium_Webdriver.Chrome1 -->
