<?xml version="1.0" encoding="UTF-8"?>
<!-- Generated by org.testng.reporters.JUnitReportReporter -->
<testsuite skipped="0" hostname="LAPTOP-LUR3JO50" name="Formation_CAIT.Selenium_Webdriver.DELETE_LOCATION" tests="1" failures="0" timestamp="2020-07-24T16:02:33 CEST" time="22.050" errors="0">
  <testcase name="ConnectAccount" time="22.050" classname="Formation_CAIT.Selenium_Webdriver.DELETE_LOCATION"/>
  <system-out/>
</testsuite> <!-- Formation_CAIT.Selenium_Webdriver.DELETE_LOCATION -->
