<?xml version="1.0" encoding="UTF-8"?>
<!-- Generated by org.testng.reporters.JUnitReportReporter -->
<testsuite skipped="0" hostname="LAPTOP-LUR3JO50" name="Formation_CAIT.Selenium_Webdriver.TestSignOnOrangeHRM" tests="1" failures="0" timestamp="2020-07-24T14:50:07 CEST" time="19.744" errors="0">
  <testcase name="ConnectAccount" time="19.744" classname="Formation_CAIT.Selenium_Webdriver.TestSignOnOrangeHRM"/>
  <system-out/>
</testsuite> <!-- Formation_CAIT.Selenium_Webdriver.TestSignOnOrangeHRM -->
