<?xml version="1.0" encoding="UTF-8"?>
<!-- Generated by org.testng.reporters.JUnitReportReporter -->
<testsuite hostname="almahdi-PC" failures="0" tests="1" name="Formation_CAIT.Selenium_Webdriver.TestSignOnOrangeHRM" time="39.676" errors="0" timestamp="2020-07-27T12:35:55 CEST" skipped="0">
  <testcase classname="Formation_CAIT.Selenium_Webdriver.TestSignOnOrangeHRM" name="ConnectAccount" time="39.676"/>
  <system-out/>
</testsuite> <!-- Formation_CAIT.Selenium_Webdriver.TestSignOnOrangeHRM -->
