<?xml version="1.0" encoding="UTF-8"?>
<!-- Generated by org.testng.reporters.JUnitReportReporter -->
<testsuite hostname="almahdi-PC" failures="0" tests="1" name="Formation_CAIT.Selenium_Webdriver.TestSignOnOrangeHRM" time="37.592" errors="0" timestamp="2020-07-24T16:00:33 CEST" skipped="0">
  <testcase classname="Formation_CAIT.Selenium_Webdriver.TestSignOnOrangeHRM" name="ConnectAccount" time="37.592"/>
  <system-out/>
</testsuite> <!-- Formation_CAIT.Selenium_Webdriver.TestSignOnOrangeHRM -->
